<?xml version="1.0" encoding="UTF-8"?>
<!-- Generated by org.testng.reporters.JUnitReportReporter -->
<testsuite hostname="MacBook-Pro.local" failures="0" tests="3" name="com.andoroathodi.E2EApril2.tst" time="0.000" errors="0" timestamp="2022-04-02T18:59:06 PDT" skipped="3">
  <testcase classname="com.andoroathodi.E2EApril2.tst" name="test1" time="0.000">
    <skipped/>
  </testcase> <!-- test1 -->
  <system-out/>
  <testcase classname="com.andoroathodi.E2EApril2.tst" name="test2" time="0.000">
    <skipped/>
  </testcase> <!-- test2 -->
  <system-out/>
  <testcase classname="com.andoroathodi.E2EApril2.tst" name="test3" time="0.000">
    <skipped/>
  </testcase> <!-- test3 -->
  <system-out/>
</testsuite> <!-- com.andoroathodi.E2EApril2.tst -->
